<?xml version="1.0" encoding="UTF-8"?>
<testsuite xmlns:xsi="http://www.w3.org/2001/XMLSchema-instance" xsi:noNamespaceSchemaLocation="https://maven.apache.org/surefire/maven-surefire-plugin/xsd/surefire-test-report.xsd" name="TestSuite" time="0.402" tests="3" errors="0" skipped="0" failures="0">
  <properties>
[...]
</properties>
  <testcase name="loginTest" classname="testng.DataProviders" time="0.006"/>
  <testcase name="loginTest" classname="testng.DataProviders" time="0.002"/>
  <testcase name="parameter" classname="testng.DataProviders" time="0.002"/>
</testsuite>